DEBUG: RE2 regex engine is ignored via RENOVATE_X_IGNORE_RE2
DEBUG: Parsing configs
DEBUG: Checking for config file in renovate-config.js
DEBUG: File config
       "config": {
         "platform": "github",
         "autodiscover": true,
         "customManagers": [
           {
             "customType": "regex",
             "fileMatch": ["^Dockerfile$"],
             "matchStrings": [
               "# renovate: datasource=(?<datasource>[a-z-]+?)(?: depName=(?<depName>.+?))\\s(?:ENV|ARG) .+?_VERSION=(?<currentValue>.+?)\\s"
             ]
           }
         ]
       }
DEBUG: CLI config
       "config": {}
DEBUG: Env config
       "config": {"hostRules": [], "token": "***********"}
DEBUG: Combined config
       "config": {
         "platform": "github",
         "autodiscover": true,
         "customManagers": [
           {
             "customType": "regex",
             "fileMatch": ["^Dockerfile$"],
             "matchStrings": [
               "# renovate: datasource=(?<datasource>[a-z-]+?)(?: depName=(?<depName>.+?))\\s(?:ENV|ARG) .+?_VERSION=(?<currentValue>.+?)\\s"
             ]
           }
         ],
         "hostRules": [],
         "token": "***********"
       }
DEBUG: Found valid git version: 2.39.3
DEBUG: Setting global hostRules
DEBUG: Using default github endpoint: https://api.github.com/
DEBUG: hostRules: authentication already set for api.github.com
DEBUG: Using queue: host=api.github.com, concurrency=16
